Determining if the pthread_create exist failed with the following output:
Change Dir: /home/student/ERC-hackathon/build/CMakeFiles/CMakeTmp

Run Build Command:"/usr/bin/make" "cmTC_87678/fast"
/usr/bin/make -f CMakeFiles/cmTC_87678.dir/build.make CMakeFiles/cmTC_87678.dir/build
make[1]: Entering directory '/home/student/ERC-hackathon/build/CMakeFiles/CMakeTmp'
Building C object CMakeFiles/cmTC_87678.dir/CheckSymbolExists.c.o
/usr/bin/cc    -o CMakeFiles/cmTC_87678.dir/CheckSymbolExists.c.o   -c /home/student/ERC-hackathon/build/CMakeFiles/CMakeTmp/CheckSymbolExists.c
Linking C executable cmTC_87678
/usr/bin/cmake -E cmake_link_script CMakeFiles/cmTC_87678.dir/link.txt --verbose=1
/usr/bin/cc      -rdynamic CMakeFiles/cmTC_87678.dir/CheckSymbolExists.c.o  -o cmTC_87678 
CMakeFiles/cmTC_87678.dir/CheckSymbolExists.c.o: In function `main':
CheckSymbolExists.c:(.text+0x1b): undefined reference to `pthread_create'
collect2: error: ld returned 1 exit status
CMakeFiles/cmTC_87678.dir/build.make:97: recipe for target 'cmTC_87678' failed
make[1]: *** [cmTC_87678] Error 1
make[1]: Leaving directory '/home/student/ERC-hackathon/build/CMakeFiles/CMakeTmp'
Makefile:126: recipe for target 'cmTC_87678/fast' failed
make: *** [cmTC_87678/fast] Error 2

File /home/student/ERC-hackathon/build/CMakeFiles/CMakeTmp/CheckSymbolExists.c:
/* */
#include <pthread.h>

int main(int argc, char** argv)
{
  (void)argv;
#ifndef pthread_create
  return ((int*)(&pthread_create))[argc];
#else
  (void)argc;
  return 0;
#endif
}

Determining if the function pthread_create exists in the pthreads failed with the following output:
Change Dir: /home/student/ERC-hackathon/build/CMakeFiles/CMakeTmp

Run Build Command:"/usr/bin/make" "cmTC_f80fc/fast"
/usr/bin/make -f CMakeFiles/cmTC_f80fc.dir/build.make CMakeFiles/cmTC_f80fc.dir/build
make[1]: Entering directory '/home/student/ERC-hackathon/build/CMakeFiles/CMakeTmp'
Building C object CMakeFiles/cmTC_f80fc.dir/CheckFunctionExists.c.o
/usr/bin/cc   -DCHECK_FUNCTION_EXISTS=pthread_create   -o CMakeFiles/cmTC_f80fc.dir/CheckFunctionExists.c.o   -c /usr/share/cmake-3.10/Modules/CheckFunctionExists.c
Linking C executable cmTC_f80fc
/usr/bin/cmake -E cmake_link_script CMakeFiles/cmTC_f80fc.dir/link.txt --verbose=1
/usr/bin/cc  -DCHECK_FUNCTION_EXISTS=pthread_create    -rdynamic CMakeFiles/cmTC_f80fc.dir/CheckFunctionExists.c.o  -o cmTC_f80fc -lpthreads 
/usr/bin/ld: cannot find -lpthreads
collect2: error: ld returned 1 exit status
CMakeFiles/cmTC_f80fc.dir/build.make:97: recipe for target 'cmTC_f80fc' failed
make[1]: *** [cmTC_f80fc] Error 1
make[1]: Leaving directory '/home/student/ERC-hackathon/build/CMakeFiles/CMakeTmp'
Makefile:126: recipe for target 'cmTC_f80fc/fast' failed
make: *** [cmTC_f80fc/fast] Error 2


